<?xml version="1.0" encoding="UTF-8"?>
<!-- Generated by org.testng.reporters.JUnitReportReporter -->
<testsuite hostname="DESKTOP-BHJ2I9B" failures="0" tests="1" name="com.training.sanity.tests.LoginTests" time="17.359" errors="0" timestamp="2019-12-02T23:11:31 EST" skipped="0">
  <testcase classname="com.training.sanity.tests.LoginTests" name="validLoginTest" time="17.359"/>
</testsuite> <!-- com.training.sanity.tests.LoginTests -->
