<?xml version="1.0" encoding="UTF-8"?>
<!-- Generated by org.testng.reporters.JUnitReportReporter -->
<testsuite hostname="DESKTOP-BHJ2I9B" failures="0" tests="1" name="com.training.sanity.tests.ForgotPwd" time="17.705" errors="0" timestamp="2019-12-03T00:00:33 EST" skipped="0">
  <testcase classname="com.training.sanity.tests.ForgotPwd" name="Forgotpwd" time="17.705"/>
</testsuite> <!-- com.training.sanity.tests.ForgotPwd -->
